# JRE version: 7.0_06-b24
# Java VM: Java HotSpot(TM) Client VM (23.2-b09 mixed mode windows-x86 )
Heap
 def new generation   total 78656K, used 58980K [0x03c80000, 0x091d0000, 0x091d0000)
  eden space 69952K,  72% used [0x03c80000, 0x06dfdd38, 0x080d0000)
  from space 8704K,  95% used [0x08950000, 0x0916b3b8, 0x091d0000)
  to   space 8704K,   0% used [0x080d0000, 0x080d0000, 0x08950000)
 tenured generation   total 174784K, used 82105K [0x091d0000, 0x13c80000, 0x13c80000)
   the space 174784K,  46% used [0x091d0000, 0x0e1fe618, 0x0e1fe800, 0x13c80000)
 compacting perm gen  total 47616K, used 47616K [0x13c80000, 0x16b00000, 0x17c80000)
   the space 47616K, 100% used [0x13c80000, 0x16b00000, 0x16b00000, 0x16b00000)
GC Heap History (10 events):
Event: 3256.855 GC heap after
Heap after GC invocations=129 (full 10):
 def new generation   total 78656K, used 3632K [0x03c80000, 0x091d0000, 0x091d0000)
  eden space 69952K,   0% used [0x03c80000, 0x03c80000, 0x080d0000)
  from space 8704K,  41% used [0x08950000, 0x08cdc358, 0x091d0000)
  to   space 8704K,   0% used [0x080d0000, 0x080d0000, 0x08950000)
 tenured generation   total 174784K, used 152536K [0x091d0000, 0x13c80000, 0x13c80000)
   the space 174784K,  87% used [0x091d0000, 0x126c6348, 0x126c6400, 0x13c80000)
 compacting perm gen  total 37888K, used 37825K [0x13c80000, 0x16180000, 0x17c80000)
   the space 37888K,  99% used [0x13c80000, 0x16170698, 0x16170800, 0x16180000)
No shared spaces configured.
}
Event: 3258.826 GC heap before
{Heap before GC invocations=129 (full 10):
 def new generation   total 78656K, used 61353K [0x03c80000, 0x091d0000, 0x091d0000)
  eden space 69952K,  82% used [0x03c80000, 0x074de440, 0x080d0000)
  from space 8704K,  41% used [0x08950000, 0x08cdc358, 0x091d0000)
  to   space 8704K,   0% used [0x080d0000, 0x080d0000, 0x08950000)
 tenured generation   total 174784K, used 152536K [0x091d0000, 0x13c80000, 0x13c80000)
   the space 174784K,  87% used [0x091d0000, 0x126c6348, 0x126c6400, 0x13c80000)
 compacting perm gen  total 40704K, used 40703K [0x13c80000, 0x16440000, 0x17c80000)
   the space 40704K,  99% used [0x13c80000, 0x1643fff8, 0x16440000, 0x16440000)
No shared spaces configured.
Event: 3262.781 GC heap after
Heap after GC invocations=130 (full 11):
 def new generation   total 78656K, used 0K [0x03c80000, 0x091d0000, 0x091d0000)
  eden space 69952K,   0% used [0x03c80000, 0x03c80000, 0x080d0000)
  from space 8704K,   0% used [0x08950000, 0x08950000, 0x091d0000)
  to   space 8704K,   0% used [0x080d0000, 0x080d0000, 0x08950000)
 tenured generation   total 174784K, used 96382K [0x091d0000, 0x13c80000, 0x13c80000)
   the space 174784K,  55% used [0x091d0000, 0x0efef970, 0x0efefa00, 0x13c80000)
 compacting perm gen  total 40704K, used 40703K [0x13c80000, 0x16440000, 0x17c80000)
   the space 40704K,  99% used [0x13c80000, 0x1643fff8, 0x16440000, 0x16440000)
No shared spaces configured.
}
Event: 3264.617 GC heap before
{Heap before GC invocations=130 (full 11):
 def new generation   total 78656K, used 69952K [0x03c80000, 0x091d0000, 0x091d0000)
  eden space 69952K, 100% used [0x03c80000, 0x080d0000, 0x080d0000)
  from space 8704K,   0% used [0x08950000, 0x08950000, 0x091d0000)
  to   space 8704K,   0% used [0x080d0000, 0x080d0000, 0x08950000)
 tenured generation   total 174784K, used 96382K [0x091d0000, 0x13c80000, 0x13c80000)
   the space 174784K,  55% used [0x091d0000, 0x0efef970, 0x0efefa00, 0x13c80000)
 compacting perm gen  total 42496K, used 42391K [0x13c80000, 0x16600000, 0x17c80000)
   the space 42496K,  99% used [0x13c80000, 0x165e5e10, 0x165e6000, 0x16600000)
No shared spaces configured.
Event: 3264.640 GC heap after
Heap after GC invocations=131 (full 11):
 def new generation   total 78656K, used 3956K [0x03c80000, 0x091d0000, 0x091d0000)
  eden space 69952K,   0% used [0x03c80000, 0x03c80000, 0x080d0000)
  from space 8704K,  45% used [0x080d0000, 0x084ad280, 0x08950000)
  to   space 8704K,   0% used [0x08950000, 0x08950000, 0x091d0000)
 tenured generation   total 174784K, used 96382K [0x091d0000, 0x13c80000, 0x13c80000)
   the space 174784K,  55% used [0x091d0000, 0x0efef970, 0x0efefa00, 0x13c80000)
 compacting perm gen  total 42496K, used 42391K [0x13c80000, 0x16600000, 0x17c80000)
   the space 42496K,  99% used [0x13c80000, 0x165e5e10, 0x165e6000, 0x16600000)
No shared spaces configured.
}
Event: 3266.436 GC heap before
{Heap before GC invocations=131 (full 11):
 def new generation   total 78656K, used 29744K [0x03c80000, 0x091d0000, 0x091d0000)
  eden space 69952K,  36% used [0x03c80000, 0x055aee78, 0x080d0000)
  from space 8704K,  45% used [0x080d0000, 0x084ad280, 0x08950000)
  to   space 8704K,   0% used [0x08950000, 0x08950000, 0x091d0000)
 tenured generation   total 174784K, used 96382K [0x091d0000, 0x13c80000, 0x13c80000)
   the space 174784K,  55% used [0x091d0000, 0x0efef970, 0x0efefa00, 0x13c80000)
 compacting perm gen  total 44800K, used 44799K [0x13c80000, 0x16840000, 0x17c80000)
   the space 44800K,  99% used [0x13c80000, 0x1683fff0, 0x16840000, 0x16840000)
No shared spaces configured.
Event: 3267.286 GC heap after
Heap after GC invocations=132 (full 12):
 def new generation   total 78656K, used 0K [0x03c80000, 0x091d0000, 0x091d0000)
  eden space 69952K,   0% used [0x03c80000, 0x03c80000, 0x080d0000)
  from space 8704K,   0% used [0x080d0000, 0x080d0000, 0x08950000)
  to   space 8704K,   0% used [0x08950000, 0x08950000, 0x091d0000)
 tenured generation   total 174784K, used 82105K [0x091d0000, 0x13c80000, 0x13c80000)
   the space 174784K,  46% used [0x091d0000, 0x0e1fe618, 0x0e1fe800, 0x13c80000)
 compacting perm gen  total 43520K, used 43296K [0x13c80000, 0x16700000, 0x17c80000)
   the space 43520K,  99% used [0x13c80000, 0x166c8158, 0x166c8200, 0x16700000)
No shared spaces configured.
}
Event: 3270.683 GC heap before
{Heap before GC invocations=132 (full 12):
 def new generation   total 78656K, used 69952K [0x03c80000, 0x091d0000, 0x091d0000)
  eden space 69952K, 100% used [0x03c80000, 0x080d0000, 0x080d0000)
  from space 8704K,   0% used [0x080d0000, 0x080d0000, 0x08950000)
  to   space 8704K,   0% used [0x08950000, 0x08950000, 0x091d0000)
 tenured generation   total 174784K, used 82105K [0x091d0000, 0x13c80000, 0x13c80000)
   the space 174784K,  46% used [0x091d0000, 0x0e1fe618, 0x0e1fe800, 0x13c80000)
 compacting perm gen  total 47616K, used 47529K [0x13c80000, 0x16b00000, 0x17c80000)
   the space 47616K,  99% used [0x13c80000, 0x16aea790, 0x16aea800, 0x16b00000)
No shared spaces configured.
Event: 3270.723 GC heap after
Heap after GC invocations=133 (full 12):
 def new generation   total 78656K, used 8300K [0x03c80000, 0x091d0000, 0x091d0000)
  eden space 69952K,   0% used [0x03c80000, 0x03c80000, 0x080d0000)
  from space 8704K,  95% used [0x08950000, 0x0916b3b8, 0x091d0000)
  to   space 8704K,   0% used [0x080d0000, 0x080d0000, 0x08950000)
 tenured generation   total 174784K, used 82105K [0x091d0000, 0x13c80000, 0x13c80000)
   the space 174784K,  46% used [0x091d0000, 0x0e1fe618, 0x0e1fe800, 0x13c80000)
 compacting perm gen  total 47616K, used 47529K [0x13c80000, 0x16b00000, 0x17c80000)
   the space 47616K,  99% used [0x13c80000, 0x16aea790, 0x16aea800, 0x16b00000)
No shared spaces configured.
}
Event: 3271.077 GC heap before
{Heap before GC invocations=133 (full 12):
 def new generation   total 78656K, used 58980K [0x03c80000, 0x091d0000, 0x091d0000)
  eden space 69952K,  72% used [0x03c80000, 0x06dfdd38, 0x080d0000)
  from space 8704K,  95% used [0x08950000, 0x0916b3b8, 0x091d0000)
  to   space 8704K,   0% used [0x080d0000, 0x080d0000, 0x08950000)
 tenured generation   total 174784K, used 82105K [0x091d0000, 0x13c80000, 0x13c80000)
   the space 174784K,  46% used [0x091d0000, 0x0e1fe618, 0x0e1fe800, 0x13c80000)
 compacting perm gen  total 47616K, used 47616K [0x13c80000, 0x16b00000, 0x17c80000)
   the space 47616K, 100% used [0x13c80000, 0x16b00000, 0x16b00000, 0x16b00000)
No shared spaces configured.

